<?xml version="1.0" encoding="UTF-8"?>
<!-- Generated by org.testng.reporters.JUnitReportReporter -->
<testsuite hostname="YOGI" name="in.eassignments_Test.TestEmpolyer_Profile" tests="2" failures="0" timestamp="13 Jun 2018 06:50:49 GMT" time="370.105" errors="0">
  <testcase name="login" time="27.874" classname="in.eassignments_Test.TestEmpolyer_Profile"/>
  <testcase name="profile" time="342.231" classname="in.eassignments_Test.TestEmpolyer_Profile"/>
</testsuite> <!-- in.eassignments_Test.TestEmpolyer_Profile -->
