<?xml version="1.0" encoding="UTF-8"?>
<!-- Generated by org.testng.reporters.JUnitReportReporter -->
<testsuite hostname="YOGI" name="in.eassignments_Test.TestEmployer_Login_Exe" tests="1" failures="0" timestamp="13 Jun 2018 06:24:07 GMT" time="23.453" errors="0">
  <testcase name="Employer_Log" time="23.453" classname="in.eassignments_Test.TestEmployer_Login_Exe"/>
</testsuite> <!-- in.eassignments_Test.TestEmployer_Login_Exe -->
