<?xml version="1.0" encoding="UTF-8"?>
<!-- Generated by org.testng.reporters.JUnitReportReporter -->
<testsuite hostname="YOGI" name="in.eassignments_Test.TestEmployer_Registration_Exe" tests="1" failures="0" timestamp="11 Jun 2018 12:11:06 GMT" time="111.698" errors="0">
  <testcase name="Emp_Reg" time="111.698" classname="in.eassignments_Test.TestEmployer_Registration_Exe"/>
</testsuite> <!-- in.eassignments_Test.TestEmployer_Registration_Exe -->
